<?xml version="1.0" encoding="UTF-8"?>
<Site BuildName="(empty)"
	BuildStamp="20240704-0746-Experimental"
	Name="NUC"
	Generator="ctest-3.16.3"
	CompilerName="/usr/bin/g++"
	CompilerVersion="9.4.0"
	OSName="Linux"
	Hostname="NUC"
	OSRelease="5.15.0-107-generic"
	OSVersion="#117~20.04.1-Ubuntu SMP Tue Apr 30 10:35:57 UTC 2024"
	OSPlatform="x86_64"
	Is64Bits="1"
	VendorString="GenuineIntel"
	VendorID="Intel Corporation"
	FamilyID="6"
	ModelID="154"
	ProcessorCacheSize="12288"
	NumberOfLogicalCPU="16"
	NumberOfPhysicalCPU="12"
	TotalVirtualMemory="2047"
	TotalPhysicalMemory="15563"
	LogicalProcessorsPerPhysical="1"
	ProcessorClockFrequency="4011.13"
	>
	<Testing>
		<StartDateTime>Jul 04 15:50 CST</StartDateTime>
		<StartTestTime>1720079427</StartTestTime>
		<TestList/>
		<EndDateTime>Jul 04 15:50 CST</EndDateTime>
		<EndTestTime>1720079427</EndTestTime>
		<ElapsedMinutes>0</ElapsedMinutes>
	</Testing>
</Site>
